{"/home/ubuntu/mutable-string/lib/MutableString.js":{"path":"/home/ubuntu/mutable-string/lib/MutableString.js","s":{"1":1,"2":1,"3":1,"4":1,"5":1,"6":1,"7":1,"8":20,"9":20,"10":1,"11":0,"12":0,"13":0,"14":0,"15":0,"16":0,"17":0,"18":0,"19":0,"20":2,"21":2,"22":0,"23":0,"24":0,"25":0,"26":0,"27":0,"28":1,"29":1,"30":0,"31":0,"32":0,"33":0,"34":0,"35":0,"36":1,"37":1,"38":1,"39":0,"40":0,"41":0,"42":0,"43":0,"44":0,"45":0,"46":0,"47":0,"48":0,"49":0,"50":0,"51":0,"52":0,"53":0,"54":0,"55":0,"56":0,"57":0,"58":0,"59":0,"60":0,"61":0,"62":0,"63":6,"64":0,"65":0,"66":0,"67":4,"68":4,"69":4,"70":0,"71":0,"72":0,"73":0,"74":0,"75":0,"76":6,"77":1,"78":1,"79":1,"80":1},"b":{},"f":{"1":1,"2":20,"3":0,"4":0,"5":0,"6":0,"7":2,"8":0,"9":0,"10":0,"11":1,"12":0,"13":0,"14":1,"15":0,"16":0,"17":0,"18":0,"19":0,"20":0,"21":0,"22":0,"23":0,"24":6,"25":0,"26":4,"27":0,"28":0,"29":6,"30":1},"fnMap":{"1":{"name":"(anonymous_1)","line":18,"loc":{"start":{"line":18,"column":21},"end":{"line":18,"column":33}}},"2":{"name":"MutableString","line":19,"loc":{"start":{"line":19,"column":4},"end":{"line":19,"column":35}}},"3":{"name":"charAt","line":29,"loc":{"start":{"line":29,"column":34},"end":{"line":29,"column":52}}},"4":{"name":"charCodeAt","line":38,"loc":{"start":{"line":38,"column":38},"end":{"line":38,"column":60}}},"5":{"name":"concat","line":48,"loc":{"start":{"line":48,"column":44},"end":{"line":48,"column":62}}},"6":{"name":"endsWith","line":58,"loc":{"start":{"line":58,"column":36},"end":{"line":58,"column":56}}},"7":{"name":"includes","line":67,"loc":{"start":{"line":67,"column":36},"end":{"line":67,"column":56}}},"8":{"name":"indexOf","line":76,"loc":{"start":{"line":76,"column":35},"end":{"line":76,"column":54}}},"9":{"name":"lastIndexOf","line":85,"loc":{"start":{"line":85,"column":39},"end":{"line":85,"column":62}}},"10":{"name":"localeCompare","line":94,"loc":{"start":{"line":94,"column":41},"end":{"line":94,"column":66}}},"11":{"name":"match","line":103,"loc":{"start":{"line":103,"column":33},"end":{"line":103,"column":50}}},"12":{"name":"normalize","line":113,"loc":{"start":{"line":113,"column":44},"end":{"line":113,"column":65}}},"13":{"name":"repeat","line":124,"loc":{"start":{"line":124,"column":44},"end":{"line":124,"column":62}}},"14":{"name":"replace","line":135,"loc":{"start":{"line":135,"column":44},"end":{"line":135,"column":63}}},"15":{"name":"search","line":145,"loc":{"start":{"line":145,"column":34},"end":{"line":145,"column":52}}},"16":{"name":"slice","line":155,"loc":{"start":{"line":155,"column":44},"end":{"line":155,"column":61}}},"17":{"name":"split","line":165,"loc":{"start":{"line":165,"column":33},"end":{"line":165,"column":50}}},"18":{"name":"startsWith","line":174,"loc":{"start":{"line":174,"column":38},"end":{"line":174,"column":60}}},"19":{"name":"substr","line":184,"loc":{"start":{"line":184,"column":44},"end":{"line":184,"column":62}}},"20":{"name":"substring","line":195,"loc":{"start":{"line":195,"column":44},"end":{"line":195,"column":65}}},"21":{"name":"toLocaleLowerCase","line":206,"loc":{"start":{"line":206,"column":44},"end":{"line":206,"column":73}}},"22":{"name":"toLocaleUpperCase","line":217,"loc":{"start":{"line":217,"column":44},"end":{"line":217,"column":73}}},"23":{"name":"toLowerCase","line":228,"loc":{"start":{"line":228,"column":44},"end":{"line":228,"column":67}}},"24":{"name":"toString","line":238,"loc":{"start":{"line":238,"column":36},"end":{"line":238,"column":56}}},"25":{"name":"toUpperCase","line":246,"loc":{"start":{"line":246,"column":44},"end":{"line":246,"column":67}}},"26":{"name":"trim","line":257,"loc":{"start":{"line":257,"column":44},"end":{"line":257,"column":60}}},"27":{"name":"trimLeft","line":268,"loc":{"start":{"line":268,"column":44},"end":{"line":268,"column":64}}},"28":{"name":"trimRight","line":279,"loc":{"start":{"line":279,"column":44},"end":{"line":279,"column":65}}},"29":{"name":"valueOf","line":289,"loc":{"start":{"line":289,"column":35},"end":{"line":289,"column":54}}},"30":{"name":"value","line":303,"loc":{"start":{"line":303,"column":15},"end":{"line":303,"column":32}}}},"statementMap":{"1":{"start":{"line":5,"column":0},"end":{"line":5,"column":76}},"2":{"start":{"line":7,"column":0},"end":{"line":7,"column":83}},"3":{"start":{"line":9,"column":0},"end":{"line":9,"column":83}},"4":{"start":{"line":11,"column":0},"end":{"line":11,"column":76}},"5":{"start":{"line":13,"column":0},"end":{"line":15,"column":3}},"6":{"start":{"line":18,"column":0},"end":{"line":309,"column":5}},"7":{"start":{"line":19,"column":4},"end":{"line":23,"column":5}},"8":{"start":{"line":20,"column":8},"end":{"line":20,"column":45}},"9":{"start":{"line":22,"column":8},"end":{"line":22,"column":29}},"10":{"start":{"line":25,"column":4},"end":{"line":306,"column":8}},"11":{"start":{"line":30,"column":12},"end":{"line":30,"column":24}},"12":{"start":{"line":32,"column":12},"end":{"line":32,"column":76}},"13":{"start":{"line":39,"column":12},"end":{"line":39,"column":25}},"14":{"start":{"line":41,"column":12},"end":{"line":41,"column":78}},"15":{"start":{"line":49,"column":12},"end":{"line":49,"column":25}},"16":{"start":{"line":51,"column":12},"end":{"line":51,"column":85}},"17":{"start":{"line":52,"column":12},"end":{"line":52,"column":24}},"18":{"start":{"line":59,"column":12},"end":{"line":59,"column":25}},"19":{"start":{"line":61,"column":12},"end":{"line":61,"column":80}},"20":{"start":{"line":68,"column":12},"end":{"line":68,"column":25}},"21":{"start":{"line":70,"column":12},"end":{"line":70,"column":80}},"22":{"start":{"line":77,"column":12},"end":{"line":77,"column":25}},"23":{"start":{"line":79,"column":12},"end":{"line":79,"column":79}},"24":{"start":{"line":86,"column":12},"end":{"line":86,"column":25}},"25":{"start":{"line":88,"column":12},"end":{"line":88,"column":83}},"26":{"start":{"line":95,"column":12},"end":{"line":95,"column":25}},"27":{"start":{"line":97,"column":12},"end":{"line":97,"column":85}},"28":{"start":{"line":104,"column":12},"end":{"line":104,"column":25}},"29":{"start":{"line":106,"column":12},"end":{"line":106,"column":77}},"30":{"start":{"line":114,"column":12},"end":{"line":114,"column":26}},"31":{"start":{"line":116,"column":12},"end":{"line":116,"column":90}},"32":{"start":{"line":117,"column":12},"end":{"line":117,"column":24}},"33":{"start":{"line":125,"column":12},"end":{"line":125,"column":26}},"34":{"start":{"line":127,"column":12},"end":{"line":127,"column":87}},"35":{"start":{"line":128,"column":12},"end":{"line":128,"column":24}},"36":{"start":{"line":136,"column":12},"end":{"line":136,"column":26}},"37":{"start":{"line":138,"column":12},"end":{"line":138,"column":88}},"38":{"start":{"line":139,"column":12},"end":{"line":139,"column":24}},"39":{"start":{"line":146,"column":12},"end":{"line":146,"column":26}},"40":{"start":{"line":148,"column":12},"end":{"line":148,"column":80}},"41":{"start":{"line":156,"column":12},"end":{"line":156,"column":26}},"42":{"start":{"line":158,"column":12},"end":{"line":158,"column":86}},"43":{"start":{"line":159,"column":12},"end":{"line":159,"column":24}},"44":{"start":{"line":166,"column":12},"end":{"line":166,"column":26}},"45":{"start":{"line":168,"column":12},"end":{"line":168,"column":79}},"46":{"start":{"line":175,"column":12},"end":{"line":175,"column":26}},"47":{"start":{"line":177,"column":12},"end":{"line":177,"column":84}},"48":{"start":{"line":185,"column":12},"end":{"line":185,"column":26}},"49":{"start":{"line":187,"column":12},"end":{"line":187,"column":87}},"50":{"start":{"line":188,"column":12},"end":{"line":188,"column":24}},"51":{"start":{"line":196,"column":12},"end":{"line":196,"column":26}},"52":{"start":{"line":198,"column":12},"end":{"line":198,"column":90}},"53":{"start":{"line":199,"column":12},"end":{"line":199,"column":24}},"54":{"start":{"line":207,"column":12},"end":{"line":207,"column":26}},"55":{"start":{"line":209,"column":12},"end":{"line":209,"column":98}},"56":{"start":{"line":210,"column":12},"end":{"line":210,"column":24}},"57":{"start":{"line":218,"column":12},"end":{"line":218,"column":26}},"58":{"start":{"line":220,"column":12},"end":{"line":220,"column":98}},"59":{"start":{"line":221,"column":12},"end":{"line":221,"column":24}},"60":{"start":{"line":229,"column":12},"end":{"line":229,"column":26}},"61":{"start":{"line":231,"column":12},"end":{"line":231,"column":92}},"62":{"start":{"line":232,"column":12},"end":{"line":232,"column":24}},"63":{"start":{"line":239,"column":12},"end":{"line":239,"column":42}},"64":{"start":{"line":247,"column":12},"end":{"line":247,"column":26}},"65":{"start":{"line":249,"column":12},"end":{"line":249,"column":92}},"66":{"start":{"line":250,"column":12},"end":{"line":250,"column":24}},"67":{"start":{"line":258,"column":12},"end":{"line":258,"column":26}},"68":{"start":{"line":260,"column":12},"end":{"line":260,"column":85}},"69":{"start":{"line":261,"column":12},"end":{"line":261,"column":24}},"70":{"start":{"line":269,"column":12},"end":{"line":269,"column":26}},"71":{"start":{"line":271,"column":12},"end":{"line":271,"column":89}},"72":{"start":{"line":272,"column":12},"end":{"line":272,"column":24}},"73":{"start":{"line":280,"column":12},"end":{"line":280,"column":26}},"74":{"start":{"line":282,"column":12},"end":{"line":282,"column":90}},"75":{"start":{"line":283,"column":12},"end":{"line":283,"column":24}},"76":{"start":{"line":290,"column":12},"end":{"line":290,"column":41}},"77":{"start":{"line":304,"column":12},"end":{"line":304,"column":45}},"78":{"start":{"line":308,"column":4},"end":{"line":308,"column":25}},"79":{"start":{"line":311,"column":0},"end":{"line":311,"column":35}},"80":{"start":{"line":312,"column":0},"end":{"line":312,"column":36}}},"branchMap":{}}}