{"/home/ubuntu/mutable-string/lib/MutableString.js":{"path":"/home/ubuntu/mutable-string/lib/MutableString.js","s":{"1":1,"2":1,"3":1,"4":1,"5":1,"6":1,"7":1,"8":20,"9":20,"10":1,"11":0,"12":0,"13":0,"14":0,"15":0,"16":0,"17":0,"18":0,"19":0,"20":2,"21":2,"22":0,"23":0,"24":0,"25":0,"26":0,"27":0,"28":1,"29":1,"30":0,"31":0,"32":0,"33":0,"34":0,"35":0,"36":1,"37":1,"38":1,"39":0,"40":0,"41":0,"42":0,"43":0,"44":0,"45":0,"46":0,"47":0,"48":0,"49":0,"50":0,"51":0,"52":0,"53":0,"54":0,"55":0,"56":0,"57":0,"58":0,"59":0,"60":0,"61":0,"62":0,"63":6,"64":0,"65":0,"66":0,"67":4,"68":4,"69":4,"70":0,"71":0,"72":0,"73":0,"74":0,"75":0,"76":6,"77":1,"78":1,"79":1,"80":1},"b":{},"f":{"1":1,"2":20,"3":0,"4":0,"5":0,"6":0,"7":2,"8":0,"9":0,"10":0,"11":1,"12":0,"13":0,"14":1,"15":0,"16":0,"17":0,"18":0,"19":0,"20":0,"21":0,"22":0,"23":0,"24":6,"25":0,"26":4,"27":0,"28":0,"29":6,"30":1},"fnMap":{"1":{"name":"(anonymous_1)","line":18,"loc":{"start":{"line":18,"column":21},"end":{"line":18,"column":33}}},"2":{"name":"MutableString","line":19,"loc":{"start":{"line":19,"column":4},"end":{"line":19,"column":35}}},"3":{"name":"charAt","line":35,"loc":{"start":{"line":35,"column":15},"end":{"line":35,"column":33}}},"4":{"name":"charCodeAt","line":50,"loc":{"start":{"line":50,"column":15},"end":{"line":50,"column":37}}},"5":{"name":"concat","line":66,"loc":{"start":{"line":66,"column":15},"end":{"line":66,"column":33}}},"6":{"name":"endsWith","line":82,"loc":{"start":{"line":82,"column":15},"end":{"line":82,"column":35}}},"7":{"name":"includes","line":97,"loc":{"start":{"line":97,"column":15},"end":{"line":97,"column":35}}},"8":{"name":"indexOf","line":112,"loc":{"start":{"line":112,"column":15},"end":{"line":112,"column":34}}},"9":{"name":"lastIndexOf","line":127,"loc":{"start":{"line":127,"column":15},"end":{"line":127,"column":38}}},"10":{"name":"localeCompare","line":142,"loc":{"start":{"line":142,"column":15},"end":{"line":142,"column":40}}},"11":{"name":"match","line":157,"loc":{"start":{"line":157,"column":15},"end":{"line":157,"column":32}}},"12":{"name":"normalize","line":173,"loc":{"start":{"line":173,"column":15},"end":{"line":173,"column":36}}},"13":{"name":"repeat","line":190,"loc":{"start":{"line":190,"column":15},"end":{"line":190,"column":33}}},"14":{"name":"replace","line":207,"loc":{"start":{"line":207,"column":15},"end":{"line":207,"column":34}}},"15":{"name":"search","line":223,"loc":{"start":{"line":223,"column":15},"end":{"line":223,"column":33}}},"16":{"name":"slice","line":239,"loc":{"start":{"line":239,"column":15},"end":{"line":239,"column":32}}},"17":{"name":"split","line":255,"loc":{"start":{"line":255,"column":15},"end":{"line":255,"column":32}}},"18":{"name":"startsWith","line":270,"loc":{"start":{"line":270,"column":15},"end":{"line":270,"column":37}}},"19":{"name":"substr","line":286,"loc":{"start":{"line":286,"column":15},"end":{"line":286,"column":33}}},"20":{"name":"substring","line":303,"loc":{"start":{"line":303,"column":15},"end":{"line":303,"column":36}}},"21":{"name":"toLocaleLowerCase","line":320,"loc":{"start":{"line":320,"column":15},"end":{"line":320,"column":44}}},"22":{"name":"toLocaleUpperCase","line":337,"loc":{"start":{"line":337,"column":15},"end":{"line":337,"column":44}}},"23":{"name":"toLowerCase","line":354,"loc":{"start":{"line":354,"column":15},"end":{"line":354,"column":38}}},"24":{"name":"toString","line":370,"loc":{"start":{"line":370,"column":15},"end":{"line":370,"column":35}}},"25":{"name":"toUpperCase","line":384,"loc":{"start":{"line":384,"column":15},"end":{"line":384,"column":38}}},"26":{"name":"trim","line":401,"loc":{"start":{"line":401,"column":15},"end":{"line":401,"column":31}}},"27":{"name":"trimLeft","line":418,"loc":{"start":{"line":418,"column":15},"end":{"line":418,"column":35}}},"28":{"name":"trimRight","line":435,"loc":{"start":{"line":435,"column":15},"end":{"line":435,"column":36}}},"29":{"name":"valueOf","line":451,"loc":{"start":{"line":451,"column":15},"end":{"line":451,"column":34}}},"30":{"name":"value","line":465,"loc":{"start":{"line":465,"column":15},"end":{"line":465,"column":32}}}},"statementMap":{"1":{"start":{"line":5,"column":0},"end":{"line":5,"column":76}},"2":{"start":{"line":7,"column":0},"end":{"line":7,"column":83}},"3":{"start":{"line":9,"column":0},"end":{"line":9,"column":83}},"4":{"start":{"line":11,"column":0},"end":{"line":11,"column":76}},"5":{"start":{"line":13,"column":0},"end":{"line":15,"column":3}},"6":{"start":{"line":18,"column":0},"end":{"line":471,"column":5}},"7":{"start":{"line":19,"column":4},"end":{"line":23,"column":5}},"8":{"start":{"line":20,"column":8},"end":{"line":20,"column":45}},"9":{"start":{"line":22,"column":8},"end":{"line":22,"column":29}},"10":{"start":{"line":33,"column":4},"end":{"line":468,"column":8}},"11":{"start":{"line":36,"column":12},"end":{"line":36,"column":24}},"12":{"start":{"line":38,"column":12},"end":{"line":38,"column":76}},"13":{"start":{"line":51,"column":12},"end":{"line":51,"column":25}},"14":{"start":{"line":53,"column":12},"end":{"line":53,"column":78}},"15":{"start":{"line":67,"column":12},"end":{"line":67,"column":25}},"16":{"start":{"line":69,"column":12},"end":{"line":69,"column":85}},"17":{"start":{"line":70,"column":12},"end":{"line":70,"column":24}},"18":{"start":{"line":83,"column":12},"end":{"line":83,"column":25}},"19":{"start":{"line":85,"column":12},"end":{"line":85,"column":80}},"20":{"start":{"line":98,"column":12},"end":{"line":98,"column":25}},"21":{"start":{"line":100,"column":12},"end":{"line":100,"column":80}},"22":{"start":{"line":113,"column":12},"end":{"line":113,"column":25}},"23":{"start":{"line":115,"column":12},"end":{"line":115,"column":79}},"24":{"start":{"line":128,"column":12},"end":{"line":128,"column":25}},"25":{"start":{"line":130,"column":12},"end":{"line":130,"column":83}},"26":{"start":{"line":143,"column":12},"end":{"line":143,"column":25}},"27":{"start":{"line":145,"column":12},"end":{"line":145,"column":85}},"28":{"start":{"line":158,"column":12},"end":{"line":158,"column":25}},"29":{"start":{"line":160,"column":12},"end":{"line":160,"column":77}},"30":{"start":{"line":174,"column":12},"end":{"line":174,"column":26}},"31":{"start":{"line":176,"column":12},"end":{"line":176,"column":90}},"32":{"start":{"line":177,"column":12},"end":{"line":177,"column":24}},"33":{"start":{"line":191,"column":12},"end":{"line":191,"column":26}},"34":{"start":{"line":193,"column":12},"end":{"line":193,"column":87}},"35":{"start":{"line":194,"column":12},"end":{"line":194,"column":24}},"36":{"start":{"line":208,"column":12},"end":{"line":208,"column":26}},"37":{"start":{"line":210,"column":12},"end":{"line":210,"column":88}},"38":{"start":{"line":211,"column":12},"end":{"line":211,"column":24}},"39":{"start":{"line":224,"column":12},"end":{"line":224,"column":26}},"40":{"start":{"line":226,"column":12},"end":{"line":226,"column":80}},"41":{"start":{"line":240,"column":12},"end":{"line":240,"column":26}},"42":{"start":{"line":242,"column":12},"end":{"line":242,"column":86}},"43":{"start":{"line":243,"column":12},"end":{"line":243,"column":24}},"44":{"start":{"line":256,"column":12},"end":{"line":256,"column":26}},"45":{"start":{"line":258,"column":12},"end":{"line":258,"column":79}},"46":{"start":{"line":271,"column":12},"end":{"line":271,"column":26}},"47":{"start":{"line":273,"column":12},"end":{"line":273,"column":84}},"48":{"start":{"line":287,"column":12},"end":{"line":287,"column":26}},"49":{"start":{"line":289,"column":12},"end":{"line":289,"column":87}},"50":{"start":{"line":290,"column":12},"end":{"line":290,"column":24}},"51":{"start":{"line":304,"column":12},"end":{"line":304,"column":26}},"52":{"start":{"line":306,"column":12},"end":{"line":306,"column":90}},"53":{"start":{"line":307,"column":12},"end":{"line":307,"column":24}},"54":{"start":{"line":321,"column":12},"end":{"line":321,"column":26}},"55":{"start":{"line":323,"column":12},"end":{"line":323,"column":98}},"56":{"start":{"line":324,"column":12},"end":{"line":324,"column":24}},"57":{"start":{"line":338,"column":12},"end":{"line":338,"column":26}},"58":{"start":{"line":340,"column":12},"end":{"line":340,"column":98}},"59":{"start":{"line":341,"column":12},"end":{"line":341,"column":24}},"60":{"start":{"line":355,"column":12},"end":{"line":355,"column":26}},"61":{"start":{"line":357,"column":12},"end":{"line":357,"column":92}},"62":{"start":{"line":358,"column":12},"end":{"line":358,"column":24}},"63":{"start":{"line":371,"column":12},"end":{"line":371,"column":42}},"64":{"start":{"line":385,"column":12},"end":{"line":385,"column":26}},"65":{"start":{"line":387,"column":12},"end":{"line":387,"column":92}},"66":{"start":{"line":388,"column":12},"end":{"line":388,"column":24}},"67":{"start":{"line":402,"column":12},"end":{"line":402,"column":26}},"68":{"start":{"line":404,"column":12},"end":{"line":404,"column":85}},"69":{"start":{"line":405,"column":12},"end":{"line":405,"column":24}},"70":{"start":{"line":419,"column":12},"end":{"line":419,"column":26}},"71":{"start":{"line":421,"column":12},"end":{"line":421,"column":89}},"72":{"start":{"line":422,"column":12},"end":{"line":422,"column":24}},"73":{"start":{"line":436,"column":12},"end":{"line":436,"column":26}},"74":{"start":{"line":438,"column":12},"end":{"line":438,"column":90}},"75":{"start":{"line":439,"column":12},"end":{"line":439,"column":24}},"76":{"start":{"line":452,"column":12},"end":{"line":452,"column":41}},"77":{"start":{"line":466,"column":12},"end":{"line":466,"column":45}},"78":{"start":{"line":470,"column":4},"end":{"line":470,"column":25}},"79":{"start":{"line":473,"column":0},"end":{"line":473,"column":35}},"80":{"start":{"line":474,"column":0},"end":{"line":474,"column":36}}},"branchMap":{}}}