TN:
SF:/home/ubuntu/mutable-string/lib/MutableString.js
FN:18,(anonymous_1)
FN:19,MutableString
FN:35,charAt
FN:50,charCodeAt
FN:66,concat
FN:82,endsWith
FN:97,includes
FN:112,indexOf
FN:127,lastIndexOf
FN:142,localeCompare
FN:157,match
FN:173,normalize
FN:190,repeat
FN:207,replace
FN:223,search
FN:239,slice
FN:255,split
FN:270,startsWith
FN:286,substr
FN:303,substring
FN:320,toLocaleLowerCase
FN:337,toLocaleUpperCase
FN:354,toLowerCase
FN:370,toString
FN:384,toUpperCase
FN:401,trim
FN:418,trimLeft
FN:435,trimRight
FN:451,valueOf
FN:465,value
FNF:30
FNH:9
FNDA:1,(anonymous_1)
FNDA:20,MutableString
FNDA:0,charAt
FNDA:0,charCodeAt
FNDA:0,concat
FNDA:0,endsWith
FNDA:2,includes
FNDA:0,indexOf
FNDA:0,lastIndexOf
FNDA:0,localeCompare
FNDA:1,match
FNDA:0,normalize
FNDA:0,repeat
FNDA:1,replace
FNDA:0,search
FNDA:0,slice
FNDA:0,split
FNDA:0,startsWith
FNDA:0,substr
FNDA:0,substring
FNDA:0,toLocaleLowerCase
FNDA:0,toLocaleUpperCase
FNDA:0,toLowerCase
FNDA:6,toString
FNDA:0,toUpperCase
FNDA:4,trim
FNDA:0,trimLeft
FNDA:0,trimRight
FNDA:6,valueOf
FNDA:1,value
DA:5,1
DA:7,1
DA:9,1
DA:11,1
DA:13,1
DA:18,1
DA:19,1
DA:20,20
DA:22,20
DA:33,1
DA:36,0
DA:38,0
DA:51,0
DA:53,0
DA:67,0
DA:69,0
DA:70,0
DA:83,0
DA:85,0
DA:98,2
DA:100,2
DA:113,0
DA:115,0
DA:128,0
DA:130,0
DA:143,0
DA:145,0
DA:158,1
DA:160,1
DA:174,0
DA:176,0
DA:177,0
DA:191,0
DA:193,0
DA:194,0
DA:208,1
DA:210,1
DA:211,1
DA:224,0
DA:226,0
DA:240,0
DA:242,0
DA:243,0
DA:256,0
DA:258,0
DA:271,0
DA:273,0
DA:287,0
DA:289,0
DA:290,0
DA:304,0
DA:306,0
DA:307,0
DA:321,0
DA:323,0
DA:324,0
DA:338,0
DA:340,0
DA:341,0
DA:355,0
DA:357,0
DA:358,0
DA:371,6
DA:385,0
DA:387,0
DA:388,0
DA:402,4
DA:404,4
DA:405,4
DA:419,0
DA:421,0
DA:422,0
DA:436,0
DA:438,0
DA:439,0
DA:452,6
DA:466,1
DA:470,1
DA:473,1
DA:474,1
LF:80
LH:26
BRF:0
BRH:0
end_of_record
