TN:
SF:/home/ubuntu/mutable-string/lib/MutableString.js
FN:18,(anonymous_1)
FN:19,MutableString
FN:35,charAt
FN:50,charCodeAt
FN:66,concat
FN:82,endsWith
FN:97,includes
FN:112,indexOf
FN:127,lastIndexOf
FN:142,localeCompare
FN:157,match
FN:173,normalize
FN:190,repeat
FN:207,replace
FN:223,search
FN:239,slice
FN:255,split
FN:270,startsWith
FN:286,substr
FN:303,substring
FN:320,toLocaleLowerCase
FN:337,toLocaleUpperCase
FN:354,toLowerCase
FN:370,toString
FN:384,toUpperCase
FN:401,trim
FN:418,trimLeft
FN:435,trimRight
FN:451,valueOf
FN:465,value
FNF:30
FNH:26
FNDA:1,(anonymous_1)
FNDA:100,MutableString
FNDA:4,charAt
FNDA:4,charCodeAt
FNDA:4,concat
FNDA:4,endsWith
FNDA:6,includes
FNDA:4,indexOf
FNDA:4,lastIndexOf
FNDA:0,localeCompare
FNDA:5,match
FNDA:0,normalize
FNDA:4,repeat
FNDA:5,replace
FNDA:4,search
FNDA:4,slice
FNDA:4,split
FNDA:4,startsWith
FNDA:4,substr
FNDA:4,substring
FNDA:0,toLocaleLowerCase
FNDA:0,toLocaleUpperCase
FNDA:4,toLowerCase
FNDA:6,toString
FNDA:4,toUpperCase
FNDA:4,trim
FNDA:4,trimLeft
FNDA:4,trimRight
FNDA:6,valueOf
FNDA:1,value
DA:5,1
DA:7,1
DA:9,1
DA:11,1
DA:13,1
DA:18,1
DA:19,1
DA:20,100
DA:22,100
DA:33,1
DA:36,4
DA:38,4
DA:51,4
DA:53,4
DA:67,4
DA:69,4
DA:70,4
DA:83,4
DA:85,4
DA:98,6
DA:100,6
DA:113,4
DA:115,4
DA:128,4
DA:130,4
DA:143,0
DA:145,0
DA:158,5
DA:160,5
DA:174,0
DA:176,0
DA:177,0
DA:191,4
DA:193,4
DA:194,4
DA:208,5
DA:210,5
DA:211,5
DA:224,4
DA:226,4
DA:240,4
DA:242,4
DA:243,4
DA:256,4
DA:258,4
DA:271,4
DA:273,4
DA:287,4
DA:289,4
DA:290,4
DA:304,4
DA:306,4
DA:307,4
DA:321,0
DA:323,0
DA:324,0
DA:338,0
DA:340,0
DA:341,0
DA:355,4
DA:357,4
DA:358,4
DA:371,6
DA:385,4
DA:387,4
DA:388,4
DA:402,4
DA:404,4
DA:405,4
DA:419,4
DA:421,4
DA:422,4
DA:436,4
DA:438,4
DA:439,4
DA:452,6
DA:466,1
DA:470,1
DA:473,1
DA:474,1
LF:80
LH:69
BRF:0
BRH:0
end_of_record
